[19:29:18] 坐标已加载
[19:29:18] 找到 213 个链接
[19:29:18] 夸克网盘已在运行，跳过启动
[19:29:18] 等待5秒准备...
[19:29:23] [1/3] 复制链接...
[19:29:24] [2/3] 粘贴链接，等待自动调用...
[19:29:27] [3/3] 点击保存到网盘...
[19:29:28] 已点击保存
[19:29:28] 等待2秒...
[19:29:32] [1/3] 复制链接...
[19:29:32] [2/3] 粘贴链接，等待自动调用...
[19:29:35] [3/3] 点击保存到网盘...
[19:29:36] 已点击保存
[19:29:36] 等待2秒...
[19:29:40] [1/3] 复制链接...
[19:29:40] [2/3] 粘贴链接，等待自动调用...
[19:29:44] [3/3] 点击保存到网盘...
[19:29:44] 已点击保存
[19:29:44] 等待2秒...
[19:29:48] [1/3] 复制链接...
[19:29:48] [2/3] 粘贴链接，等待自动调用...
[19:29:52] [3/3] 点击保存到网盘...
[19:29:52] 已点击保存
[19:29:52] 等待2秒...
[19:29:56] [1/3] 复制链接...
[19:29:56] [2/3] 粘贴链接，等待自动调用...
[19:30:00] [3/3] 点击保存到网盘...
[19:30:00] 已点击保存
[19:30:00] 等待2秒...
[19:30:04] [1/3] 复制链接...
[19:30:05] [2/3] 粘贴链接，等待自动调用...
[19:30:08] [3/3] 点击保存到网盘...
[19:30:08] 已点击保存
[19:30:08] 等待2秒...
[19:30:12] [1/3] 复制链接...
[19:30:13] [2/3] 粘贴链接，等待自动调用...
[19:30:16] [3/3] 点击保存到网盘...
[19:30:16] 已点击保存
[19:30:16] 等待2秒...
[19:30:20] [1/3] 复制链接...
[19:30:21] [2/3] 粘贴链接，等待自动调用...
[19:30:24] [3/3] 点击保存到网盘...
[19:30:24] 已点击保存
[19:30:24] 等待2秒...
[19:30:28] [1/3] 复制链接...
[19:30:29] [2/3] 粘贴链接，等待自动调用...
[19:30:32] [3/3] 点击保存到网盘...
[19:30:33] 已点击保存
[19:30:33] 等待2秒...
[19:30:37] [1/3] 复制链接...
[19:30:37] [2/3] 粘贴链接，等待自动调用...
[19:30:40] [3/3] 点击保存到网盘...
[19:30:41] 已点击保存
[19:30:41] 等待2秒...
[19:30:45] [1/3] 复制链接...
[19:30:45] [2/3] 粘贴链接，等待自动调用...
[19:30:48] [3/3] 点击保存到网盘...
[19:30:49] 已点击保存
[19:30:49] 等待2秒...
[19:30:53] [1/3] 复制链接...
[19:30:53] [2/3] 粘贴链接，等待自动调用...
[19:30:57] [3/3] 点击保存到网盘...
[19:30:57] 已点击保存
[19:30:57] 等待2秒...
[19:31:01] [1/3] 复制链接...
[19:31:01] [2/3] 粘贴链接，等待自动调用...
[19:31:05] [3/3] 点击保存到网盘...
[19:31:05] 已点击保存
[19:31:05] 等待2秒...
[19:31:09] [1/3] 复制链接...
[19:31:10] [2/3] 粘贴链接，等待自动调用...
[19:31:13] [3/3] 点击保存到网盘...
[19:31:13] 已点击保存
[19:31:13] 等待2秒...
[19:31:17] [1/3] 复制链接...
[19:31:18] [2/3] 粘贴链接，等待自动调用...
[19:31:21] [3/3] 点击保存到网盘...
[19:31:21] 已点击保存
[19:31:21] 等待2秒...
[19:31:25] [1/3] 复制链接...
[19:31:26] [2/3] 粘贴链接，等待自动调用...
[19:31:29] [3/3] 点击保存到网盘...
[19:31:29] 已点击保存
[19:31:29] 等待2秒...
[19:31:33] [1/3] 复制链接...
[19:31:34] [2/3] 粘贴链接，等待自动调用...
[19:31:37] [3/3] 点击保存到网盘...
[19:31:37] 已点击保存
[19:31:37] 等待2秒...
[19:31:41] [1/3] 复制链接...
[19:31:42] [2/3] 粘贴链接，等待自动调用...
[19:31:45] [3/3] 点击保存到网盘...
[19:31:46] 已点击保存
[19:31:46] 等待2秒...
[19:31:50] [1/3] 复制链接...
[19:31:50] [2/3] 粘贴链接，等待自动调用...
[19:31:53] [3/3] 点击保存到网盘...
[19:31:54] 已点击保存
[19:31:54] 等待2秒...
[19:31:58] [1/3] 复制链接...
[19:31:58] [2/3] 粘贴链接，等待自动调用...
[19:32:02] [3/3] 点击保存到网盘...
[19:32:02] 已点击保存
[19:32:02] 等待2秒...
[19:32:06] [1/3] 复制链接...
[19:32:06] [2/3] 粘贴链接，等待自动调用...
[19:32:10] [3/3] 点击保存到网盘...
[19:32:10] 已点击保存
[19:32:10] 等待2秒...
[19:32:14] [1/3] 复制链接...
[19:32:14] [2/3] 粘贴链接，等待自动调用...
[19:32:18] [3/3] 点击保存到网盘...
[19:32:18] 已点击保存
[19:32:18] 等待2秒...
[19:32:22] [1/3] 复制链接...
[19:32:23] [2/3] 粘贴链接，等待自动调用...
[19:32:26] [3/3] 点击保存到网盘...
[19:32:26] 已点击保存
[19:32:26] 等待2秒...
[19:32:30] [1/3] 复制链接...
[19:32:31] [2/3] 粘贴链接，等待自动调用...
[19:32:34] [3/3] 点击保存到网盘...
[19:32:34] 已点击保存
[19:32:34] 等待2秒...
[19:32:38] [1/3] 复制链接...
[19:32:39] [2/3] 粘贴链接，等待自动调用...
[19:32:42] [3/3] 点击保存到网盘...
[19:32:42] 已点击保存
[19:32:42] 等待2秒...
[19:32:46] [1/3] 复制链接...
[19:32:47] [2/3] 粘贴链接，等待自动调用...
[19:32:50] [3/3] 点击保存到网盘...
[19:32:51] 已点击保存
[19:32:51] 等待2秒...
[19:32:55] [1/3] 复制链接...
[19:32:55] [2/3] 粘贴链接，等待自动调用...
[19:32:58] [3/3] 点击保存到网盘...
[19:32:59] 已点击保存
[19:32:59] 等待2秒...
[19:33:03] [1/3] 复制链接...
[19:33:03] [2/3] 粘贴链接，等待自动调用...
[19:33:06] [3/3] 点击保存到网盘...
[19:33:07] 已点击保存
[19:33:07] 等待2秒...
[19:33:11] [1/3] 复制链接...
[19:33:11] [2/3] 粘贴链接，等待自动调用...
[19:33:15] [3/3] 点击保存到网盘...
[19:33:15] 已点击保存
[19:33:15] 等待2秒...
[19:33:19] [1/3] 复制链接...
[19:33:19] [2/3] 粘贴链接，等待自动调用...
[19:33:23] [3/3] 点击保存到网盘...
[19:33:23] 已点击保存
[19:33:23] 等待2秒...
[19:33:27] [1/3] 复制链接...
[19:33:28] [2/3] 粘贴链接，等待自动调用...
[19:33:31] [3/3] 点击保存到网盘...
[19:33:31] 已点击保存
[19:33:31] 等待2秒...
[19:33:35] [1/3] 复制链接...
[19:33:36] [2/3] 粘贴链接，等待自动调用...
[19:33:39] [3/3] 点击保存到网盘...
[19:33:39] 已点击保存
[19:33:39] 等待2秒...
[19:33:43] [1/3] 复制链接...
[19:33:44] [2/3] 粘贴链接，等待自动调用...
[19:33:47] [3/3] 点击保存到网盘...
[19:33:47] 已点击保存
[19:33:47] 等待2秒...
[19:33:51] [1/3] 复制链接...
[19:33:52] [2/3] 粘贴链接，等待自动调用...
[19:33:55] [3/3] 点击保存到网盘...
[19:33:55] 已点击保存
[19:33:55] 等待2秒...
[19:33:59] [1/3] 复制链接...
[19:34:00] [2/3] 粘贴链接，等待自动调用...
[19:34:03] [3/3] 点击保存到网盘...
[19:34:04] 已点击保存
[19:34:04] 等待2秒...
[19:34:08] [1/3] 复制链接...
[19:34:08] [2/3] 粘贴链接，等待自动调用...
[19:34:11] [3/3] 点击保存到网盘...
[19:34:12] 已点击保存
[19:34:12] 等待2秒...
[19:34:16] [1/3] 复制链接...
[19:34:16] [2/3] 粘贴链接，等待自动调用...
[19:34:20] [3/3] 点击保存到网盘...
[19:34:20] 已点击保存
[19:34:20] 等待2秒...
[19:34:24] [1/3] 复制链接...
[19:34:24] [2/3] 粘贴链接，等待自动调用...
[19:34:28] [3/3] 点击保存到网盘...
[19:34:28] 已点击保存
[19:34:28] 等待2秒...
[19:34:32] [1/3] 复制链接...
[19:34:32] [2/3] 粘贴链接，等待自动调用...
[19:34:36] [3/3] 点击保存到网盘...
[19:34:36] 已点击保存
[19:34:36] 等待2秒...
[19:34:40] [1/3] 复制链接...
[19:34:41] [2/3] 粘贴链接，等待自动调用...
[19:34:44] [3/3] 点击保存到网盘...
[19:34:44] 已点击保存
[19:34:44] 等待2秒...
[19:34:48] [1/3] 复制链接...
[19:34:49] [2/3] 粘贴链接，等待自动调用...
[19:34:52] [3/3] 点击保存到网盘...
[19:34:52] 已点击保存
[19:34:52] 等待2秒...
[19:34:56] [1/3] 复制链接...
[19:34:57] [2/3] 粘贴链接，等待自动调用...
[19:35:00] [3/3] 点击保存到网盘...
[19:35:00] 已点击保存
[19:35:00] 等待2秒...
[19:35:04] [1/3] 复制链接...
[19:35:05] [2/3] 粘贴链接，等待自动调用...
[19:35:08] [3/3] 点击保存到网盘...
[19:35:09] 已点击保存
[19:35:09] 等待2秒...
[19:35:13] [1/3] 复制链接...
[19:35:13] [2/3] 粘贴链接，等待自动调用...
[19:35:16] [3/3] 点击保存到网盘...
[19:35:17] 已点击保存
[19:35:17] 等待2秒...
[19:35:21] [1/3] 复制链接...
[19:35:21] [2/3] 粘贴链接，等待自动调用...
[19:35:24] [3/3] 点击保存到网盘...
[19:35:25] 已点击保存
[19:35:25] 等待2秒...
[19:35:29] [1/3] 复制链接...
[19:35:29] [2/3] 粘贴链接，等待自动调用...
[19:35:33] [3/3] 点击保存到网盘...
[19:35:33] 已点击保存
[19:35:33] 等待2秒...
[19:35:37] [1/3] 复制链接...
[19:35:37] [2/3] 粘贴链接，等待自动调用...
[19:35:41] [3/3] 点击保存到网盘...
[19:35:41] 已点击保存
[19:35:41] 等待2秒...
[19:35:45] [1/3] 复制链接...
[19:35:45] [2/3] 粘贴链接，等待自动调用...
[19:35:49] [3/3] 点击保存到网盘...
[19:35:49] 已点击保存
[19:35:49] 等待2秒...
[19:35:53] [1/3] 复制链接...
[19:35:54] [2/3] 粘贴链接，等待自动调用...
[19:35:57] [3/3] 点击保存到网盘...
[19:35:57] 已点击保存
[19:35:57] 等待2秒...
[19:36:01] [1/3] 复制链接...
[19:36:02] [2/3] 粘贴链接，等待自动调用...
[19:36:05] [3/3] 点击保存到网盘...
[19:36:05] 已点击保存
[19:36:05] 等待2秒...
[19:36:09] [1/3] 复制链接...
[19:36:10] [2/3] 粘贴链接，等待自动调用...
[19:36:13] [3/3] 点击保存到网盘...
[19:36:13] 已点击保存
[19:36:13] 等待2秒...
[19:36:17] [1/3] 复制链接...
[19:36:18] [2/3] 粘贴链接，等待自动调用...
[19:36:21] [3/3] 点击保存到网盘...
[19:36:22] 已点击保存
[19:36:22] 等待2秒...
[19:36:26] [1/3] 复制链接...
[19:36:26] [2/3] 粘贴链接，等待自动调用...
[19:36:29] [3/3] 点击保存到网盘...
[19:36:30] 已点击保存
[19:36:30] 等待2秒...
[19:36:34] [1/3] 复制链接...
[19:36:34] [2/3] 粘贴链接，等待自动调用...
[19:36:37] [3/3] 点击保存到网盘...
[19:36:38] 已点击保存
[19:36:38] 等待2秒...
[19:36:42] [1/3] 复制链接...
[19:36:42] [2/3] 粘贴链接，等待自动调用...
[19:36:46] [3/3] 点击保存到网盘...
[19:36:46] 已点击保存
[19:36:46] 等待2秒...
[19:36:50] [1/3] 复制链接...
[19:36:50] [2/3] 粘贴链接，等待自动调用...
[19:36:54] [3/3] 点击保存到网盘...
[19:36:54] 已点击保存
[19:36:54] 等待2秒...
[19:36:58] [1/3] 复制链接...
[19:36:59] [2/3] 粘贴链接，等待自动调用...
[19:37:02] [3/3] 点击保存到网盘...
[19:37:02] 已点击保存
[19:37:02] 等待2秒...
[19:37:06] [1/3] 复制链接...
[19:37:07] [2/3] 粘贴链接，等待自动调用...
[19:37:10] [3/3] 点击保存到网盘...
[19:37:10] 已点击保存
[19:37:10] 等待2秒...
[19:37:14] [1/3] 复制链接...
[19:37:15] [2/3] 粘贴链接，等待自动调用...
[19:37:18] [3/3] 点击保存到网盘...
[19:37:18] 已点击保存
[19:37:18] 等待2秒...
[19:37:22] [1/3] 复制链接...
[19:37:23] [2/3] 粘贴链接，等待自动调用...
[19:37:26] [3/3] 点击保存到网盘...
[19:37:26] 已点击保存
[19:37:26] 等待2秒...
[19:37:30] [1/3] 复制链接...
[19:37:31] [2/3] 粘贴链接，等待自动调用...
[19:37:34] [3/3] 点击保存到网盘...
[19:37:35] 已点击保存
[19:37:35] 等待2秒...
[19:37:39] [1/3] 复制链接...
[19:37:39] [2/3] 粘贴链接，等待自动调用...
[19:37:42] [3/3] 点击保存到网盘...
[19:37:43] 已点击保存
[19:37:43] 等待2秒...
[19:37:47] [1/3] 复制链接...
[19:37:47] [2/3] 粘贴链接，等待自动调用...
[19:37:51] [3/3] 点击保存到网盘...
[19:37:51] 已点击保存
[19:37:51] 等待2秒...
[19:37:55] [1/3] 复制链接...
[19:37:55] [2/3] 粘贴链接，等待自动调用...
[19:37:59] [3/3] 点击保存到网盘...
[19:37:59] 已点击保存
[19:37:59] 等待2秒...
[19:38:03] [1/3] 复制链接...
[19:38:03] [2/3] 粘贴链接，等待自动调用...
[19:38:07] [3/3] 点击保存到网盘...
[19:38:07] 已点击保存
[19:38:07] 等待2秒...
[19:38:11] [1/3] 复制链接...
[19:38:12] [2/3] 粘贴链接，等待自动调用...
[19:38:15] [3/3] 点击保存到网盘...
[19:38:15] 已点击保存
[19:38:15] 等待2秒...
[19:38:19] [1/3] 复制链接...
[19:38:20] [2/3] 粘贴链接，等待自动调用...
[19:38:23] [3/3] 点击保存到网盘...
[19:38:23] 已点击保存
[19:38:23] 等待2秒...
[19:38:27] [1/3] 复制链接...
[19:38:28] [2/3] 粘贴链接，等待自动调用...
[19:38:31] [3/3] 点击保存到网盘...
[19:38:31] 已点击保存
[19:38:31] 等待2秒...
[19:38:35] [1/3] 复制链接...
[19:38:36] [2/3] 粘贴链接，等待自动调用...
[19:38:39] [3/3] 点击保存到网盘...
[19:38:40] 已点击保存
[19:38:40] 等待2秒...
[19:38:44] [1/3] 复制链接...
[19:38:44] [2/3] 粘贴链接，等待自动调用...
[19:38:47] [3/3] 点击保存到网盘...
[19:38:48] 已点击保存
[19:38:48] 等待2秒...
[19:38:52] [1/3] 复制链接...
[19:38:52] [2/3] 粘贴链接，等待自动调用...
[19:38:55] [3/3] 点击保存到网盘...
[19:38:56] 已点击保存
[19:38:56] 等待2秒...
[19:39:00] [1/3] 复制链接...
[19:39:00] [2/3] 粘贴链接，等待自动调用...
[19:39:04] [3/3] 点击保存到网盘...
[19:39:04] 已点击保存
[19:39:04] 等待2秒...
[19:39:08] [1/3] 复制链接...
[19:39:08] [2/3] 粘贴链接，等待自动调用...
[19:39:12] [3/3] 点击保存到网盘...
[19:39:12] 已点击保存
[19:39:12] 等待2秒...
[19:39:16] [1/3] 复制链接...
[19:39:17] [2/3] 粘贴链接，等待自动调用...
[19:39:20] [3/3] 点击保存到网盘...
[19:39:20] 已点击保存
[19:39:20] 等待2秒...
[19:39:24] [1/3] 复制链接...
[19:39:25] [2/3] 粘贴链接，等待自动调用...
[19:39:28] [3/3] 点击保存到网盘...
[19:39:28] 已点击保存
[19:39:28] 等待2秒...
[19:39:32] [1/3] 复制链接...
[19:39:33] [2/3] 粘贴链接，等待自动调用...
[19:39:36] [3/3] 点击保存到网盘...
[19:39:36] 已点击保存
[19:39:36] 等待2秒...
[19:39:40] [1/3] 复制链接...
[19:39:41] [2/3] 粘贴链接，等待自动调用...
[19:39:44] [3/3] 点击保存到网盘...
[19:39:44] 已点击保存
[19:39:44] 等待2秒...
[19:39:48] [1/3] 复制链接...
[19:39:49] [2/3] 粘贴链接，等待自动调用...
[19:39:52] [3/3] 点击保存到网盘...
[19:39:53] 已点击保存
[19:39:53] 等待2秒...
[19:39:57] [1/3] 复制链接...
[19:39:57] [2/3] 粘贴链接，等待自动调用...
[19:40:00] [3/3] 点击保存到网盘...
[19:40:01] 已点击保存
[19:40:01] 等待2秒...
[19:40:05] [1/3] 复制链接...
[19:40:05] [2/3] 粘贴链接，等待自动调用...
[19:40:09] [3/3] 点击保存到网盘...
[19:40:09] 已点击保存
[19:40:09] 等待2秒...
[19:40:13] [1/3] 复制链接...
[19:40:13] [2/3] 粘贴链接，等待自动调用...
[19:40:17] [3/3] 点击保存到网盘...
[19:40:17] 已点击保存
[19:40:17] 等待2秒...
[19:40:21] [1/3] 复制链接...
[19:40:21] [2/3] 粘贴链接，等待自动调用...
[19:40:25] [3/3] 点击保存到网盘...
[19:40:25] 已点击保存
[19:40:25] 等待2秒...
[19:40:29] [1/3] 复制链接...
[19:40:30] [2/3] 粘贴链接，等待自动调用...
[19:40:33] [3/3] 点击保存到网盘...
[19:40:33] 已点击保存
[19:40:33] 等待2秒...
[19:40:37] [1/3] 复制链接...
[19:40:38] [2/3] 粘贴链接，等待自动调用...
[19:40:41] [3/3] 点击保存到网盘...
[19:40:41] 已点击保存
[19:40:41] 等待2秒...
[19:40:45] [1/3] 复制链接...
[19:40:46] [2/3] 粘贴链接，等待自动调用...
[19:40:49] [3/3] 点击保存到网盘...
[19:40:49] 已点击保存
[19:40:49] 等待2秒...
[19:40:53] [1/3] 复制链接...
[19:40:54] [2/3] 粘贴链接，等待自动调用...
[19:40:57] [3/3] 点击保存到网盘...
[19:40:58] 已点击保存
[19:40:58] 等待2秒...
[19:41:02] [1/3] 复制链接...
[19:41:02] [2/3] 粘贴链接，等待自动调用...
[19:41:05] [3/3] 点击保存到网盘...
[19:41:06] 已点击保存
[19:41:06] 等待2秒...
[19:41:10] [1/3] 复制链接...
[19:41:10] [2/3] 粘贴链接，等待自动调用...
[19:41:13] [3/3] 点击保存到网盘...
[19:41:14] 已点击保存
[19:41:14] 等待2秒...
[19:41:18] [1/3] 复制链接...
[19:41:18] [2/3] 粘贴链接，等待自动调用...
[19:41:22] [3/3] 点击保存到网盘...
[19:41:22] 已点击保存
[19:41:22] 等待2秒...
[19:41:26] [1/3] 复制链接...
[19:41:26] [2/3] 粘贴链接，等待自动调用...
[19:41:30] [3/3] 点击保存到网盘...
[19:41:30] 已点击保存
[19:41:30] 等待2秒...
[19:41:34] [1/3] 复制链接...
[19:41:34] [2/3] 粘贴链接，等待自动调用...
[19:41:38] [3/3] 点击保存到网盘...
[19:41:38] 已点击保存
[19:41:38] 等待2秒...
[19:41:42] [1/3] 复制链接...
[19:41:43] [2/3] 粘贴链接，等待自动调用...
[19:41:46] [3/3] 点击保存到网盘...
[19:41:46] 已点击保存
[19:41:46] 等待2秒...
[19:41:50] [1/3] 复制链接...
[19:41:51] [2/3] 粘贴链接，等待自动调用...
[19:41:54] [3/3] 点击保存到网盘...
[19:41:54] 已点击保存
[19:41:54] 等待2秒...
[19:41:58] [1/3] 复制链接...
[19:41:59] [2/3] 粘贴链接，等待自动调用...
[19:42:02] [3/3] 点击保存到网盘...
[19:42:02] 已点击保存
[19:42:02] 等待2秒...
[19:42:06] [1/3] 复制链接...
[19:42:07] [2/3] 粘贴链接，等待自动调用...
[19:42:10] [3/3] 点击保存到网盘...
[19:42:11] 已点击保存
[19:42:11] 等待2秒...
[19:42:15] [1/3] 复制链接...
[19:42:15] [2/3] 粘贴链接，等待自动调用...
[19:42:18] [3/3] 点击保存到网盘...
[19:42:19] 已点击保存
[19:42:19] 等待2秒...
[19:42:23] [1/3] 复制链接...
[19:42:23] [2/3] 粘贴链接，等待自动调用...
[19:42:26] [3/3] 点击保存到网盘...
[19:42:27] 已点击保存
[19:42:27] 等待2秒...
[19:42:31] [1/3] 复制链接...
[19:42:31] [2/3] 粘贴链接，等待自动调用...
[19:42:35] [3/3] 点击保存到网盘...
[19:42:35] 已点击保存
[19:42:35] 等待2秒...
[19:42:39] [1/3] 复制链接...
[19:42:39] [2/3] 粘贴链接，等待自动调用...
[19:42:43] [3/3] 点击保存到网盘...
[19:42:43] 已点击保存
[19:42:43] 等待2秒...
[19:42:47] [1/3] 复制链接...
[19:42:48] [2/3] 粘贴链接，等待自动调用...
[19:42:51] [3/3] 点击保存到网盘...
[19:42:51] 已点击保存
[19:42:51] 等待2秒...
[19:42:55] [1/3] 复制链接...
[19:42:56] [2/3] 粘贴链接，等待自动调用...
[19:42:59] [3/3] 点击保存到网盘...
[19:42:59] 已点击保存
[19:42:59] 等待2秒...
[19:43:03] [1/3] 复制链接...
[19:43:04] [2/3] 粘贴链接，等待自动调用...
[19:43:07] [3/3] 点击保存到网盘...
[19:43:07] 已点击保存
[19:43:07] 等待2秒...
[19:43:11] [1/3] 复制链接...
[19:43:12] [2/3] 粘贴链接，等待自动调用...
[19:43:15] [3/3] 点击保存到网盘...
[19:43:15] 已点击保存
[19:43:15] 等待2秒...
[19:43:19] [1/3] 复制链接...
[19:43:20] [2/3] 粘贴链接，等待自动调用...
[19:43:23] [3/3] 点击保存到网盘...
[19:43:24] 已点击保存
[19:43:24] 等待2秒...
[19:43:28] [1/3] 复制链接...
[19:43:28] [2/3] 粘贴链接，等待自动调用...
[19:43:31] [3/3] 点击保存到网盘...
[19:43:32] 已点击保存
[19:43:32] 等待2秒...
[19:43:36] [1/3] 复制链接...
[19:43:36] [2/3] 粘贴链接，等待自动调用...
[19:43:40] [3/3] 点击保存到网盘...
[19:43:40] 已点击保存
[19:43:40] 等待2秒...
[19:43:44] [1/3] 复制链接...
[19:43:44] [2/3] 粘贴链接，等待自动调用...
[19:43:48] [3/3] 点击保存到网盘...
[19:43:48] 已点击保存
[19:43:48] 等待2秒...
[19:43:52] [1/3] 复制链接...
[19:43:52] [2/3] 粘贴链接，等待自动调用...
[19:43:56] [3/3] 点击保存到网盘...
[19:43:56] 已点击保存
[19:43:56] 等待2秒...
[19:44:00] [1/3] 复制链接...
[19:44:01] [2/3] 粘贴链接，等待自动调用...
[19:44:04] [3/3] 点击保存到网盘...
[19:44:04] 已点击保存
[19:44:04] 等待2秒...
[19:44:08] [1/3] 复制链接...
[19:44:09] [2/3] 粘贴链接，等待自动调用...
[19:44:12] [3/3] 点击保存到网盘...
[19:44:12] 已点击保存
[19:44:12] 等待2秒...
[19:44:16] [1/3] 复制链接...
[19:44:17] [2/3] 粘贴链接，等待自动调用...
[19:44:20] [3/3] 点击保存到网盘...
[19:44:20] 已点击保存
[19:44:20] 等待2秒...
[19:44:24] [1/3] 复制链接...
[19:44:25] [2/3] 粘贴链接，等待自动调用...
[19:44:28] [3/3] 点击保存到网盘...
[19:44:29] 已点击保存
[19:44:29] 等待2秒...
[19:44:33] [1/3] 复制链接...
[19:44:33] [2/3] 粘贴链接，等待自动调用...
[19:44:36] [3/3] 点击保存到网盘...
[19:44:37] 已点击保存
[19:44:37] 等待2秒...
[19:44:41] [1/3] 复制链接...
[19:44:41] [2/3] 粘贴链接，等待自动调用...
[19:44:44] [3/3] 点击保存到网盘...
[19:44:45] 已点击保存
[19:44:45] 等待2秒...
[19:44:49] [1/3] 复制链接...
[19:44:49] [2/3] 粘贴链接，等待自动调用...
[19:44:53] [3/3] 点击保存到网盘...
[19:44:53] 已点击保存
[19:44:53] 等待2秒...
[19:44:57] [1/3] 复制链接...
[19:44:57] [2/3] 粘贴链接，等待自动调用...
[19:45:01] [3/3] 点击保存到网盘...
[19:45:01] 已点击保存
[19:45:01] 等待2秒...
[19:45:05] [1/3] 复制链接...
[19:45:06] [2/3] 粘贴链接，等待自动调用...
[19:45:09] [3/3] 点击保存到网盘...
[19:45:09] 已点击保存
[19:45:09] 等待2秒...
[19:45:13] [1/3] 复制链接...
[19:45:14] [2/3] 粘贴链接，等待自动调用...
[19:45:17] [3/3] 点击保存到网盘...
[19:45:17] 已点击保存
[19:45:17] 等待2秒...
[19:45:21] [1/3] 复制链接...
[19:45:22] [2/3] 粘贴链接，等待自动调用...
[19:45:25] [3/3] 点击保存到网盘...
[19:45:25] 已点击保存
[19:45:25] 等待2秒...
[19:45:29] [1/3] 复制链接...
[19:45:30] [2/3] 粘贴链接，等待自动调用...
[19:45:33] [3/3] 点击保存到网盘...
[19:45:33] 已点击保存
[19:45:33] 等待2秒...
[19:45:37] [1/3] 复制链接...
[19:45:38] [2/3] 粘贴链接，等待自动调用...
[19:45:41] [3/3] 点击保存到网盘...
[19:45:42] 已点击保存
[19:45:42] 等待2秒...
[19:45:46] [1/3] 复制链接...
[19:45:46] [2/3] 粘贴链接，等待自动调用...
[19:45:49] [3/3] 点击保存到网盘...
[19:45:50] 已点击保存
[19:45:50] 等待2秒...
[19:45:54] [1/3] 复制链接...
[19:45:54] [2/3] 粘贴链接，等待自动调用...
[19:45:58] [3/3] 点击保存到网盘...
[19:45:58] 已点击保存
[19:45:58] 等待2秒...
[19:46:02] [1/3] 复制链接...
[19:46:02] [2/3] 粘贴链接，等待自动调用...
[19:46:06] [3/3] 点击保存到网盘...
[19:46:06] 已点击保存
[19:46:06] 等待2秒...
[19:46:10] [1/3] 复制链接...
[19:46:10] [2/3] 粘贴链接，等待自动调用...
[19:46:14] [3/3] 点击保存到网盘...
[19:46:14] 已点击保存
[19:46:14] 等待2秒...
[19:46:18] [1/3] 复制链接...
[19:46:19] [2/3] 粘贴链接，等待自动调用...
[19:46:22] [3/3] 点击保存到网盘...
[19:46:22] 已点击保存
[19:46:22] 等待2秒...
[19:46:26] [1/3] 复制链接...
[19:46:27] [2/3] 粘贴链接，等待自动调用...
[19:46:30] [3/3] 点击保存到网盘...
[19:46:30] 已点击保存
[19:46:30] 等待2秒...
[19:46:34] [1/3] 复制链接...
[19:46:35] [2/3] 粘贴链接，等待自动调用...
[19:46:38] [3/3] 点击保存到网盘...
[19:46:38] 已点击保存
[19:46:38] 等待2秒...
[19:46:42] [1/3] 复制链接...
[19:46:43] [2/3] 粘贴链接，等待自动调用...
[19:46:46] [3/3] 点击保存到网盘...
[19:46:47] 已点击保存
[19:46:47] 等待2秒...
[19:46:51] [1/3] 复制链接...
[19:46:51] [2/3] 粘贴链接，等待自动调用...
[19:46:54] [3/3] 点击保存到网盘...
[19:46:55] 已点击保存
[19:46:55] 等待2秒...
[19:46:59] [1/3] 复制链接...
[19:46:59] [2/3] 粘贴链接，等待自动调用...
[19:47:02] [3/3] 点击保存到网盘...
[19:47:03] 已点击保存
[19:47:03] 等待2秒...
[19:47:07] [1/3] 复制链接...
[19:47:07] [2/3] 粘贴链接，等待自动调用...
[19:47:11] [3/3] 点击保存到网盘...
[19:47:11] 已点击保存
[19:47:11] 等待2秒...
[19:47:15] [1/3] 复制链接...
[19:47:15] [2/3] 粘贴链接，等待自动调用...
[19:47:19] [3/3] 点击保存到网盘...
[19:47:19] 已点击保存
[19:47:19] 等待2秒...
[19:47:23] [1/3] 复制链接...
[19:47:23] [2/3] 粘贴链接，等待自动调用...
[19:47:27] [3/3] 点击保存到网盘...
[19:47:27] 已点击保存
[19:47:27] 等待2秒...
[19:47:31] [1/3] 复制链接...
[19:47:32] [2/3] 粘贴链接，等待自动调用...
[19:47:35] [3/3] 点击保存到网盘...
[19:47:35] 已点击保存
[19:47:35] 等待2秒...
[19:47:39] [1/3] 复制链接...
[19:47:40] [2/3] 粘贴链接，等待自动调用...
[19:47:43] [3/3] 点击保存到网盘...
[19:47:43] 已点击保存
[19:47:43] 等待2秒...
[19:47:47] [1/3] 复制链接...
[19:47:48] [2/3] 粘贴链接，等待自动调用...
[19:47:51] [3/3] 点击保存到网盘...
[19:47:51] 已点击保存
[19:47:51] 等待2秒...
[19:47:55] [1/3] 复制链接...
[19:47:56] [2/3] 粘贴链接，等待自动调用...
[19:47:59] [3/3] 点击保存到网盘...
[19:48:00] 已点击保存
[19:48:00] 等待2秒...
[19:48:04] [1/3] 复制链接...
[19:48:04] [2/3] 粘贴链接，等待自动调用...
[19:48:07] [3/3] 点击保存到网盘...
[19:48:08] 已点击保存
[19:48:08] 等待2秒...
[19:48:12] [1/3] 复制链接...
[19:48:12] [2/3] 粘贴链接，等待自动调用...
[19:48:15] [3/3] 点击保存到网盘...
[19:48:16] 已点击保存
[19:48:16] 等待2秒...
[19:48:20] [1/3] 复制链接...
[19:48:20] [2/3] 粘贴链接，等待自动调用...
[19:48:24] [3/3] 点击保存到网盘...
[19:48:24] 已点击保存
[19:48:24] 等待2秒...
[19:48:28] [1/3] 复制链接...
[19:48:28] [2/3] 粘贴链接，等待自动调用...
[19:48:32] [3/3] 点击保存到网盘...
[19:48:32] 已点击保存
[19:48:32] 等待2秒...
[19:48:36] [1/3] 复制链接...
[19:48:37] [2/3] 粘贴链接，等待自动调用...
[19:48:40] [3/3] 点击保存到网盘...
[19:48:40] 已点击保存
[19:48:40] 等待2秒...
[19:48:44] [1/3] 复制链接...
[19:48:45] [2/3] 粘贴链接，等待自动调用...
[19:48:48] [3/3] 点击保存到网盘...
[19:48:48] 已点击保存
[19:48:48] 等待2秒...
[19:48:52] [1/3] 复制链接...
[19:48:53] [2/3] 粘贴链接，等待自动调用...
[19:48:56] [3/3] 点击保存到网盘...
[19:48:56] 已点击保存
[19:48:56] 等待2秒...
[19:49:00] [1/3] 复制链接...
[19:49:01] [2/3] 粘贴链接，等待自动调用...
[19:49:04] [3/3] 点击保存到网盘...
[19:49:05] 已点击保存
[19:49:05] 等待2秒...
[19:49:09] [1/3] 复制链接...
[19:49:09] [2/3] 粘贴链接，等待自动调用...
[19:49:12] [3/3] 点击保存到网盘...
[19:49:13] 已点击保存
[19:49:13] 等待2秒...
[19:49:17] [1/3] 复制链接...
[19:49:17] [2/3] 粘贴链接，等待自动调用...
[19:49:20] [3/3] 点击保存到网盘...
[19:49:21] 已点击保存
[19:49:21] 等待2秒...
[19:49:25] [1/3] 复制链接...
[19:49:25] [2/3] 粘贴链接，等待自动调用...
[19:49:29] [3/3] 点击保存到网盘...
[19:49:29] 已点击保存
[19:49:29] 等待2秒...
[19:49:33] [1/3] 复制链接...
[19:49:33] [2/3] 粘贴链接，等待自动调用...
[19:49:37] [3/3] 点击保存到网盘...
[19:49:37] 已点击保存
[19:49:37] 等待2秒...
[19:49:41] [1/3] 复制链接...
[19:49:41] [2/3] 粘贴链接，等待自动调用...
[19:49:45] [3/3] 点击保存到网盘...
[19:49:45] 已点击保存
[19:49:45] 等待2秒...
[19:49:49] [1/3] 复制链接...
[19:49:50] [2/3] 粘贴链接，等待自动调用...
[19:49:53] [3/3] 点击保存到网盘...
[19:49:53] 已点击保存
[19:49:53] 等待2秒...
[19:49:57] [1/3] 复制链接...
[19:49:58] [2/3] 粘贴链接，等待自动调用...
[19:50:01] [3/3] 点击保存到网盘...
[19:50:01] 已点击保存
[19:50:01] 等待2秒...
[19:50:05] [1/3] 复制链接...
[19:50:06] [2/3] 粘贴链接，等待自动调用...
[19:50:09] [3/3] 点击保存到网盘...
[19:50:09] 已点击保存
[19:50:09] 等待2秒...
[19:50:13] [1/3] 复制链接...
[19:50:14] [2/3] 粘贴链接，等待自动调用...
[19:50:17] [3/3] 点击保存到网盘...
[19:50:18] 已点击保存
[19:50:18] 等待2秒...
[19:50:22] [1/3] 复制链接...
[19:50:22] [2/3] 粘贴链接，等待自动调用...
[19:50:25] [3/3] 点击保存到网盘...
[19:50:26] 已点击保存
[19:50:26] 等待2秒...
[19:50:30] [1/3] 复制链接...
[19:50:30] [2/3] 粘贴链接，等待自动调用...
[19:50:33] [3/3] 点击保存到网盘...
[19:50:34] 已点击保存
[19:50:34] 等待2秒...
[19:50:38] [1/3] 复制链接...
[19:50:38] [2/3] 粘贴链接，等待自动调用...
[19:50:42] [3/3] 点击保存到网盘...
[19:50:42] 已点击保存
[19:50:42] 等待2秒...
[19:50:46] [1/3] 复制链接...
[19:50:46] [2/3] 粘贴链接，等待自动调用...
[19:50:50] [3/3] 点击保存到网盘...
[19:50:50] 已点击保存
[19:50:50] 等待2秒...
[19:50:54] [1/3] 复制链接...
[19:50:55] [2/3] 粘贴链接，等待自动调用...
[19:50:58] [3/3] 点击保存到网盘...
[19:50:58] 已点击保存
[19:50:58] 等待2秒...
[19:51:02] [1/3] 复制链接...
[19:51:03] [2/3] 粘贴链接，等待自动调用...
[19:51:06] [3/3] 点击保存到网盘...
[19:51:06] 已点击保存
[19:51:06] 等待2秒...
[19:51:10] [1/3] 复制链接...
[19:51:11] [2/3] 粘贴链接，等待自动调用...
[19:51:14] [3/3] 点击保存到网盘...
[19:51:14] 已点击保存
[19:51:14] 等待2秒...
[19:51:18] [1/3] 复制链接...
[19:51:19] [2/3] 粘贴链接，等待自动调用...
[19:51:22] [3/3] 点击保存到网盘...
[19:51:22] 已点击保存
[19:51:22] 等待2秒...
[19:51:26] [1/3] 复制链接...
[19:51:27] [2/3] 粘贴链接，等待自动调用...
[19:51:30] [3/3] 点击保存到网盘...
[19:51:31] 已点击保存
[19:51:31] 等待2秒...
[19:51:35] [1/3] 复制链接...
[19:51:35] [2/3] 粘贴链接，等待自动调用...
[19:51:38] [3/3] 点击保存到网盘...
[19:51:39] 已点击保存
[19:51:39] 等待2秒...
[19:51:43] [1/3] 复制链接...
[19:51:43] [2/3] 粘贴链接，等待自动调用...
[19:51:47] [3/3] 点击保存到网盘...
[19:51:47] 已点击保存
[19:51:47] 等待2秒...
[19:51:51] [1/3] 复制链接...
[19:51:51] [2/3] 粘贴链接，等待自动调用...
[19:51:55] [3/3] 点击保存到网盘...
[19:51:55] 已点击保存
[19:51:55] 等待2秒...
[19:51:59] [1/3] 复制链接...
[19:51:59] [2/3] 粘贴链接，等待自动调用...
[19:52:03] [3/3] 点击保存到网盘...
[19:52:03] 已点击保存
[19:52:03] 等待2秒...
[19:52:07] [1/3] 复制链接...
[19:52:08] [2/3] 粘贴链接，等待自动调用...
[19:52:11] [3/3] 点击保存到网盘...
[19:52:11] 已点击保存
[19:52:11] 等待2秒...
[19:52:15] [1/3] 复制链接...
[19:52:16] [2/3] 粘贴链接，等待自动调用...
[19:52:19] [3/3] 点击保存到网盘...
[19:52:19] 已点击保存
[19:52:19] 等待2秒...
[19:52:23] [1/3] 复制链接...
[19:52:24] [2/3] 粘贴链接，等待自动调用...
[19:52:27] [3/3] 点击保存到网盘...
[19:52:27] 已点击保存
[19:52:27] 等待2秒...
[19:52:31] [1/3] 复制链接...
[19:52:32] [2/3] 粘贴链接，等待自动调用...
[19:52:35] [3/3] 点击保存到网盘...
[19:52:36] 已点击保存
[19:52:36] 等待2秒...
[19:52:40] [1/3] 复制链接...
[19:52:40] [2/3] 粘贴链接，等待自动调用...
[19:52:43] [3/3] 点击保存到网盘...
[19:52:44] 已点击保存
[19:52:44] 等待2秒...
[19:52:48] [1/3] 复制链接...
[19:52:48] [2/3] 粘贴链接，等待自动调用...
[19:52:51] [3/3] 点击保存到网盘...
[19:52:52] 已点击保存
[19:52:52] 等待2秒...
[19:52:56] [1/3] 复制链接...
[19:52:56] [2/3] 粘贴链接，等待自动调用...
[19:53:00] [3/3] 点击保存到网盘...
[19:53:00] 已点击保存
[19:53:00] 等待2秒...
[19:53:04] [1/3] 复制链接...
[19:53:04] [2/3] 粘贴链接，等待自动调用...
[19:53:08] [3/3] 点击保存到网盘...
[19:53:08] 已点击保存
[19:53:08] 等待2秒...
[19:53:12] [1/3] 复制链接...
[19:53:12] [2/3] 粘贴链接，等待自动调用...
[19:53:16] [3/3] 点击保存到网盘...
[19:53:16] 已点击保存
[19:53:16] 等待2秒...
[19:53:20] [1/3] 复制链接...
[19:53:21] [2/3] 粘贴链接，等待自动调用...
[19:53:24] [3/3] 点击保存到网盘...
[19:53:24] 已点击保存
[19:53:24] 等待2秒...
[19:53:28] [1/3] 复制链接...
[19:53:29] [2/3] 粘贴链接，等待自动调用...
[19:53:32] [3/3] 点击保存到网盘...
[19:53:32] 已点击保存
[19:53:32] 等待2秒...
[19:53:36] [1/3] 复制链接...
[19:53:37] [2/3] 粘贴链接，等待自动调用...
[19:53:40] [3/3] 点击保存到网盘...
[19:53:40] 已点击保存
[19:53:40] 等待2秒...
[19:53:44] [1/3] 复制链接...
[19:53:45] [2/3] 粘贴链接，等待自动调用...
[19:53:48] [3/3] 点击保存到网盘...
[19:53:49] 已点击保存
[19:53:49] 等待2秒...
[19:53:53] [1/3] 复制链接...
[19:53:53] [2/3] 粘贴链接，等待自动调用...
[19:53:56] [3/3] 点击保存到网盘...
[19:53:57] 已点击保存
[19:53:57] 等待2秒...
[19:54:01] [1/3] 复制链接...
[19:54:01] [2/3] 粘贴链接，等待自动调用...
[19:54:04] [3/3] 点击保存到网盘...
[19:54:05] 已点击保存
[19:54:05] 等待2秒...
[19:54:09] [1/3] 复制链接...
[19:54:09] [2/3] 粘贴链接，等待自动调用...
[19:54:13] [3/3] 点击保存到网盘...
[19:54:13] 已点击保存
[19:54:13] 等待2秒...
[19:54:17] [1/3] 复制链接...
[19:54:17] [2/3] 粘贴链接，等待自动调用...
[19:54:21] [3/3] 点击保存到网盘...
[19:54:21] 已点击保存
[19:54:21] 等待2秒...
[19:54:25] [1/3] 复制链接...
[19:54:26] [2/3] 粘贴链接，等待自动调用...
[19:54:29] [3/3] 点击保存到网盘...
[19:54:29] 已点击保存
[19:54:29] 等待2秒...
[19:54:33] [1/3] 复制链接...
[19:54:34] [2/3] 粘贴链接，等待自动调用...
[19:54:37] [3/3] 点击保存到网盘...
[19:54:37] 已点击保存
[19:54:37] 等待2秒...
[19:54:41] [1/3] 复制链接...
[19:54:42] [2/3] 粘贴链接，等待自动调用...
[19:54:45] [3/3] 点击保存到网盘...
[19:54:45] 已点击保存
[19:54:45] 等待2秒...
[19:54:49] [1/3] 复制链接...
[19:54:50] [2/3] 粘贴链接，等待自动调用...
[19:54:53] [3/3] 点击保存到网盘...
[19:54:53] 已点击保存
[19:54:53] 等待2秒...
[19:54:57] [1/3] 复制链接...
[19:54:58] [2/3] 粘贴链接，等待自动调用...
[19:55:01] [3/3] 点击保存到网盘...
[19:55:02] 已点击保存
[19:55:02] 等待2秒...
[19:55:06] [1/3] 复制链接...
[19:55:06] [2/3] 粘贴链接，等待自动调用...
[19:55:09] [3/3] 点击保存到网盘...
[19:55:10] 已点击保存
[19:55:10] 等待2秒...
[19:55:14] [1/3] 复制链接...
[19:55:14] [2/3] 粘贴链接，等待自动调用...
[19:55:18] [3/3] 点击保存到网盘...
[19:55:18] 已点击保存
[19:55:18] 等待2秒...
[19:55:22] [1/3] 复制链接...
[19:55:22] [2/3] 粘贴链接，等待自动调用...
[19:55:26] [3/3] 点击保存到网盘...
[19:55:26] 已点击保存
[19:55:26] 等待2秒...
[19:55:30] [1/3] 复制链接...
[19:55:30] [2/3] 粘贴链接，等待自动调用...
[19:55:34] [3/3] 点击保存到网盘...
[19:55:34] 已点击保存
[19:55:34] 等待2秒...
[19:55:38] [1/3] 复制链接...
[19:55:39] [2/3] 粘贴链接，等待自动调用...
[19:55:42] [3/3] 点击保存到网盘...
[19:55:42] 已点击保存
[19:55:42] 等待2秒...
[19:55:46] [1/3] 复制链接...
[19:55:47] [2/3] 粘贴链接，等待自动调用...
[19:55:50] [3/3] 点击保存到网盘...
[19:55:50] 已点击保存
[19:55:50] 等待2秒...
[19:55:54] [1/3] 复制链接...
[19:55:55] [2/3] 粘贴链接，等待自动调用...
[19:55:58] [3/3] 点击保存到网盘...
[19:55:58] 已点击保存
[19:55:58] 等待2秒...
[19:56:02] [1/3] 复制链接...
[19:56:03] [2/3] 粘贴链接，等待自动调用...
[19:56:06] [3/3] 点击保存到网盘...
[19:56:07] 已点击保存
[19:56:07] 等待2秒...
[19:56:11] [1/3] 复制链接...
[19:56:11] [2/3] 粘贴链接，等待自动调用...
[19:56:14] [3/3] 点击保存到网盘...
[19:56:15] 已点击保存
[19:56:15] 等待2秒...
[19:56:19] [1/3] 复制链接...
[19:56:19] [2/3] 粘贴链接，等待自动调用...
[19:56:22] [3/3] 点击保存到网盘...
[19:56:23] 已点击保存
[19:56:23] 等待2秒...
[19:56:27] [1/3] 复制链接...
[19:56:27] [2/3] 粘贴链接，等待自动调用...
[19:56:31] [3/3] 点击保存到网盘...
[19:56:31] 已点击保存
[19:56:31] 等待2秒...
[19:56:35] [1/3] 复制链接...
[19:56:35] [2/3] 粘贴链接，等待自动调用...
[19:56:39] [3/3] 点击保存到网盘...
[19:56:39] 已点击保存
[19:56:39] 等待2秒...
[19:56:43] [1/3] 复制链接...
[19:56:44] [2/3] 粘贴链接，等待自动调用...
[19:56:47] [3/3] 点击保存到网盘...
[19:56:47] 已点击保存
[19:56:47] 等待2秒...
[19:56:51] [1/3] 复制链接...
[19:56:52] [2/3] 粘贴链接，等待自动调用...
[19:56:55] [3/3] 点击保存到网盘...
[19:56:55] 已点击保存
[19:56:55] 等待2秒...
[19:56:59] [1/3] 复制链接...
[19:57:00] [2/3] 粘贴链接，等待自动调用...
[19:57:03] [3/3] 点击保存到网盘...
[19:57:03] 已点击保存
[19:57:03] 等待2秒...
[19:57:07] [1/3] 复制链接...
[19:57:08] [2/3] 粘贴链接，等待自动调用...
[19:57:11] [3/3] 点击保存到网盘...
[19:57:11] 已点击保存
[19:57:11] 等待2秒...
[19:57:15] [1/3] 复制链接...
[19:57:16] [2/3] 粘贴链接，等待自动调用...
[19:57:19] [3/3] 点击保存到网盘...
[19:57:20] 已点击保存
[19:57:20] 等待2秒...
[19:57:24] [1/3] 复制链接...
[19:57:24] [2/3] 粘贴链接，等待自动调用...
[19:57:27] [3/3] 点击保存到网盘...
[19:57:28] 已点击保存
[19:57:28] 等待2秒...
[19:57:32] [1/3] 复制链接...
[19:57:32] [2/3] 粘贴链接，等待自动调用...
[19:57:36] [3/3] 点击保存到网盘...
[19:57:36] 已点击保存
[19:57:36] 等待2秒...
[19:57:40] [1/3] 复制链接...
[19:57:40] [2/3] 粘贴链接，等待自动调用...
[19:57:44] [3/3] 点击保存到网盘...
[19:57:44] 已点击保存
[19:57:44] 等待2秒...
[19:57:48] [1/3] 复制链接...
[19:57:48] [2/3] 粘贴链接，等待自动调用...
[19:57:52] [3/3] 点击保存到网盘...
[19:57:52] 已点击保存
[19:57:52] 等待2秒...
[19:57:56] [1/3] 复制链接...
[19:57:57] [2/3] 粘贴链接，等待自动调用...
[19:58:00] [3/3] 点击保存到网盘...
[19:58:00] 已点击保存
[19:58:00] 等待2秒...
[19:58:04] [1/3] 复制链接...
[19:58:05] [2/3] 粘贴链接，等待自动调用...
[19:58:08] [3/3] 点击保存到网盘...
[19:58:08] 已点击保存
[19:58:08] 等待2秒...