============================================================
迅雷网盘转存日志
文件夹: 20260406_152047_001
开始时间: 2026-04-06 23:29:30
总计链接: 311
============================================================

[23:29:30] [INFO] 日志文件: D:\AI\AI_Tool\自动下载工作\logs\xunlei_20260406_152047_001_232930.log
[23:29:30] [INFO] 迅雷已在运行
[23:29:35] [INFO] 初始化：打开前 7 个链接...
[23:29:51] [INFO] 等待5秒加载...
[23:29:56] [INFO] === 第 1 轮处理 ===
[23:29:56] [INFO] 窗口1: 点击转存 Updated:  https://pan.xunlei.com/s/VOojC
[23:29:58] [INFO] === 第 2 轮处理 ===
[23:29:59] [INFO]   检测状态: unknown, 类型: None, 消息: 迅雷  Chrome Legacy Window
[23:30:00] [INFO] === 第 3 轮处理 ===
[23:30:01] [INFO]   检测状态: unknown, 类型: None, 消息: 迅雷  Chrome Legacy Window
[23:30:02] [INFO] === 第 4 轮处理 ===
[23:30:03] [INFO]   检测状态: unknown, 类型: None, 消息: 迅雷  Chrome Legacy Window
[23:30:04] [INFO] === 第 5 轮处理 ===
[23:30:04] [WARN] 窗口1: 处理超时，标记为卡住
[23:30:05] [WARN] 窗口1: 刷新重试 (1/2)
[23:30:09] [INFO] === 第 6 轮处理 ===
[23:30:10] [INFO]   检测状态: unknown, 类型: None, 消息: 迅雷  Chrome Legacy Window
[23:30:11] [INFO] === 第 7 轮处理 ===
[23:30:12] [INFO]   检测状态: unknown, 类型: None, 消息: 迅雷  Chrome Legacy Window
[23:30:13] [INFO] === 第 8 轮处理 ===
