============================================================
迅雷网盘转存日志
文件夹: 20260406_152047_001
开始时间: 2026-04-06 23:34:30
总计链接: 311
============================================================

[23:34:30] [INFO] 日志文件: D:\AI\AI_Tool\自动下载工作\logs\xunlei_20260406_152047_001_233430.log
[23:34:30] [INFO] 迅雷已在运行
[23:34:35] [INFO] 初始化：准备打开 7 个链接，剩余待处理: 311
[23:34:35] [INFO]   打开链接 1/7: Updated:  https://pan.xunlei.com/s/VOojC
[23:34:36] [INFO]   打开链接 2/7: Updated:  https://pan.xunlei.com/s/VOpIr
[23:34:38] [INFO]   打开链接 3/7: Updated:  https://pan.xunlei.com/s/VOn56
[23:34:40] [INFO]   打开链接 4/7: Updated:  https://pan.xunlei.com/s/VOojC
[23:34:41] [INFO]   打开链接 5/7: Updated:  https://pan.xunlei.com/s/VOojC
[23:34:43] [INFO]   打开链接 6/7: Updated:  https://pan.xunlei.com/s/VOpIr
[23:34:44] [INFO]   打开链接 7/7: Updated:  https://pan.xunlei.com/s/VOojC
[23:34:46] [INFO] 初始化完成，实际打开: 7 个窗口
[23:34:46] [INFO] 等待5秒加载...
[23:34:51] [INFO] === 第 1 轮处理 ===
[23:34:52] [INFO] 窗口1: 点击转存 Updated:  https://pan.xunlei.com/s/VOojC
[23:34:53] [INFO] === 第 2 轮处理 ===
[23:34:54] [INFO]   检测状态: unknown, 类型: None, 消息: 迅雷  Chrome Legacy Window
[23:34:55] [INFO] === 第 3 轮处理 ===
[23:34:56] [INFO]   检测状态: unknown, 类型: None, 消息: 迅雷  Chrome Legacy Window
[23:34:57] [INFO] === 第 4 轮处理 ===
[23:34:58] [INFO]   检测状态: unknown, 类型: None, 消息: 迅雷  Chrome Legacy Window
[23:34:58] [WARN] 窗口1: 处理超时，标记为卡住
[23:34:59] [WARN] 窗口1: 刷新重试 (1/2)
[23:35:03] [INFO] === 第 5 轮处理 ===
