============================================================
迅雷网盘转存日志
文件夹: 20260406_152047_001
开始时间: 2026-04-06 23:12:02
总计链接: 311
============================================================

[23:12:02] [INFO] 日志文件: D:\AI\AI_Tool\自动下载工作\logs\xunlei_20260406_152047_001_231202.log
[23:12:02] [INFO] 迅雷已在运行
[23:12:07] [INFO] 初始化：打开前 7 个链接...
[23:12:18] [INFO] 等待5秒加载...
[23:12:23] [INFO] === 第 1 轮 ===
[23:12:24] [INFO] 处理: Updated:  https://pan.xunlei.com/s/VOojCrO2ZUT9QvR
[23:12:24] [INFO]   → 点击转存，等待结果
[23:12:25] [INFO]   → 加载中...
[23:12:26] [INFO]   → 加载中...
[23:12:27] [INFO]   → 加载中...
[23:12:28] [INFO]   → 加载中...
[23:12:29] [INFO]   → 加载中...
[23:12:30] [INFO]   → 加载中...
[23:12:31] [INFO]   → 加载中...
[23:12:32] [INFO]   → 加载中...
[23:12:33] [INFO]   → 加载中...
[23:12:33] [INFO]   → 加载中...
[23:12:34] [INFO]   → 加载中...
[23:12:35] [WARN]   → 加载超时，刷新重试 (1/3)
