============================================================
迅雷网盘转存日志
文件夹: 20260406_152047_001
开始时间: 2026-04-06 23:55:55
总计链接: 311
============================================================

[23:55:55] [INFO] 日志文件: D:\AI\AI_Tool\自动下载工作\logs\xunlei_20260406_152047_001_235555.log
[23:55:55] [INFO] 迅雷已在运行
[23:56:00] [INFO] 初始化：准备打开 7 个链接，剩余待处理: 311
[23:56:00] [INFO]   打开链接 1/7: Updated:  https://pan.xunlei.com/s/VOojC
[23:56:02] [INFO]   打开链接 2/7: Updated:  https://pan.xunlei.com/s/VOpIr
[23:56:03] [INFO]   打开链接 3/7: Updated:  https://pan.xunlei.com/s/VOn56
[23:56:05] [INFO]   打开链接 4/7: Updated:  https://pan.xunlei.com/s/VOojC
[23:56:06] [INFO]   打开链接 5/7: Updated:  https://pan.xunlei.com/s/VOojC
[23:56:08] [INFO]   打开链接 6/7: Updated:  https://pan.xunlei.com/s/VOpIr
[23:56:10] [INFO]   打开链接 7/7: Updated:  https://pan.xunlei.com/s/VOojC
[23:56:11] [INFO] 初始化完成，实际打开: 7 个窗口
[23:56:11] [INFO] 等待5秒加载...
[23:56:16] [INFO] === 第 1 轮处理 ===
[23:56:17] [INFO] 窗口1: 点击转存 Updated:  https://pan.xunlei.com/s/VOojC
[23:56:18] [INFO] === 第 2 轮处理 ===
[23:56:19] [INFO]   检测状态: unknown, 类型: None, 消息: Chrome Legacy Window
[23:56:20] [INFO] === 第 3 轮处理 ===
[23:56:21] [INFO]   检测状态: unknown, 类型: None, 消息: Chrome Legacy Window
[23:56:22] [INFO] === 第 4 轮处理 ===
[23:56:24] [INFO]   检测状态: unknown, 类型: None, 消息: Chrome Legacy Window
[23:56:24] [WARN] 窗口1: 处理超时，标记为卡住
[23:56:24] [WARN] 窗口1: 刷新重试 (1/2)
[23:56:28] [INFO] === 第 5 轮处理 ===
[23:56:29] [INFO]   检测状态: unknown, 类型: None, 消息: 无文字
