============================================================
迅雷网盘转存日志
文件夹: 20260406_152047_001
开始时间: 2026-04-06 21:30:59
总计链接: 311
============================================================

[21:30:59] [INFO] 日志文件: D:\AI\AI_Tool\自动下载工作\logs\xunlei_20260406_152047_001_213059.log
[21:30:59] [INFO] 启动迅雷...
[21:31:14] [INFO] 初始化：打开前 7 个链接...
[21:31:25] [INFO] 等待5秒加载...
[21:31:30] [INFO] === 第 1 轮处理 ===
[21:31:31] [INFO] 窗口1: 点击转存 Updated:  https://pan.xunlei.com/s/VOp3D
[21:31:32] [INFO] 窗口2: 点击转存 Updated:  https://pan.xunlei.com/s/VOojC
[21:31:33] [INFO] 窗口3: 点击转存 Updated:  https://pan.xunlei.com/s/VOojC
[21:31:34] [INFO] 窗口4: 点击转存 Updated:  https://pan.xunlei.com/s/VOo9Y
[21:31:35] [INFO] 窗口5: 点击转存 Updated:  https://pan.xunlei.com/s/VOohh
[21:31:36] [INFO] 窗口6: 点击转存 Updated:  https://pan.xunlei.com/s/VOojC
[21:31:36] [INFO] 窗口7: 点击转存 Updated:  https://pan.xunlei.com/s/VOojC
[21:31:38] [INFO] === 第 2 轮处理 ===
[21:31:38] [WARN] 窗口1: 处理超时，标记为卡住
[21:31:39] [WARN] 窗口2: 处理超时，标记为卡住
[21:31:40] [WARN] 窗口3: 处理超时，标记为卡住
[21:31:40] [WARN] 窗口4: 处理超时，标记为卡住
[21:31:43] [INFO] === 第 3 轮处理 ===
[21:31:44] [WARN] 窗口1: 刷新重试 (1/2)
