============================================================
迅雷网盘转存日志
文件夹: 20260406_152047_001
开始时间: 2026-04-06 23:22:00
总计链接: 311
============================================================

[23:22:00] [INFO] 日志文件: D:\AI\AI_Tool\自动下载工作\logs\xunlei_20260406_152047_001_232200.log
[23:22:00] [INFO] 启动迅雷...
[23:22:15] [INFO] 初始化：打开前 7 个链接...
[23:22:26] [INFO] 等待5秒加载...
[23:22:31] [INFO] === 第 1 轮处理 ===
[23:22:32] [INFO] 窗口1: 点击转存 Updated:  https://pan.xunlei.com/s/VOojC
[23:22:33] [INFO] 窗口2: 点击转存 Updated:  https://pan.xunlei.com/s/VOpIr
[23:22:34] [INFO] 窗口3: 点击转存 Updated:  https://pan.xunlei.com/s/VOn56
[23:22:35] [INFO] 窗口4: 点击转存 Updated:  https://pan.xunlei.com/s/VOojC
[23:22:36] [INFO] 窗口5: 点击转存 Updated:  https://pan.xunlei.com/s/VOojC
[23:22:37] [INFO] 窗口6: 点击转存 Updated:  https://pan.xunlei.com/s/VOpIr
[23:22:38] [INFO] 窗口7: 点击转存 Updated:  https://pan.xunlei.com/s/VOojC
[23:22:39] [INFO] === 第 2 轮处理 ===
[23:22:39] [WARN] 窗口1: 处理超时，标记为卡住
[23:22:40] [WARN] 窗口2: 处理超时，标记为卡住
[23:22:41] [WARN] 窗口3: 处理超时，标记为卡住
[23:22:41] [WARN] 窗口4: 处理超时，标记为卡住
[23:22:44] [INFO] === 第 3 轮处理 ===
[23:22:45] [WARN] 窗口1: 刷新重试 (1/2)
