============================================================
迅雷网盘转存日志
文件夹: 20260406_152047_001
开始时间: 2026-04-06 23:26:29
总计链接: 311
============================================================

[23:26:29] [INFO] 日志文件: D:\AI\AI_Tool\自动下载工作\logs\xunlei_20260406_152047_001_232629.log
[23:26:29] [INFO] 迅雷已在运行
[23:26:34] [INFO] 初始化：打开前 7 个链接...
[23:26:45] [INFO] 等待5秒加载...
[23:26:50] [INFO] === 第 1 轮处理 ===
[23:26:51] [INFO] 窗口1: 点击转存 Updated:  https://pan.xunlei.com/s/VOojC
[23:26:52] [INFO] === 第 2 轮处理 ===
[23:26:54] [INFO] === 第 3 轮处理 ===
[23:26:56] [INFO] === 第 4 轮处理 ===
[23:26:58] [INFO] === 第 5 轮处理 ===
[23:26:59] [WARN] 窗口1: 处理超时，标记为卡住
[23:26:59] [WARN] 窗口1: 刷新重试 (1/2)
[23:27:04] [INFO] === 第 6 轮处理 ===
[23:27:06] [INFO] === 第 7 轮处理 ===
[23:27:08] [INFO] === 第 8 轮处理 ===
