============================================================
迅雷网盘转存日志
文件夹: 20260406_152047_001
开始时间: 2026-04-06 22:49:44
总计链接: 311
============================================================

[22:49:44] [INFO] 日志文件: D:\AI\AI_Tool\自动下载工作\logs\xunlei_20260406_152047_001_224944.log
[22:49:44] [INFO] 启动迅雷...
[22:49:59] [INFO] 初始化：打开前 7 个链接...
[22:50:10] [INFO] 等待5秒加载...
[22:50:15] [INFO] === 第 1 轮处理 ===
[22:50:16] [INFO] 窗口1: 点击转存 Updated:  https://pan.xunlei.com/s/VOojC
[22:50:17] [INFO] 窗口2: 点击转存 Updated:  https://pan.xunlei.com/s/VOpIr
[22:50:18] [INFO] 窗口3: 点击转存 Updated:  https://pan.xunlei.com/s/VOn56
[22:50:19] [INFO] 窗口4: 点击转存 Updated:  https://pan.xunlei.com/s/VOojC
[22:50:20] [INFO] 窗口5: 点击转存 Updated:  https://pan.xunlei.com/s/VOojC
[22:50:21] [INFO] 窗口6: 点击转存 Updated:  https://pan.xunlei.com/s/VOpIr
[22:50:21] [INFO] 窗口7: 点击转存 Updated:  https://pan.xunlei.com/s/VOojC
[22:50:23] [INFO] === 第 2 轮处理 ===
[22:50:23] [WARN] 窗口1: 处理超时，标记为卡住
[22:50:24] [WARN] 窗口2: 处理超时，标记为卡住
[22:50:25] [WARN] 窗口3: 处理超时，标记为卡住
[22:50:25] [WARN] 窗口4: 处理超时，标记为卡住
[22:50:28] [INFO] === 第 3 轮处理 ===
[22:50:29] [WARN] 窗口1: 刷新重试 (1/2)
[22:50:32] [WARN] 窗口2: 刷新重试 (1/2)
